2022-01-11 21:53:30,047 — INFO — Peer->make_request — Client fatih made a REGISTER request to registry
2022-01-11 21:53:31,177 — INFO — Peer->send_hello — User: fatih made a HELLO request to registry
2022-01-11 21:53:36,601 — INFO — Peer->listen_tcp — User: fatih, successfully registered The registration is complete
2022-01-11 21:53:37,221 — INFO — Peer->send_hello — User: fatih made a HELLO request to registry
2022-01-11 21:53:43,224 — INFO — Peer->send_hello — User: fatih made a HELLO request to registry
2022-01-11 21:53:49,227 — INFO — Peer->send_hello — User: fatih made a HELLO request to registry
2022-01-11 21:53:55,239 — INFO — Peer->send_hello — User: fatih made a HELLO request to registry
2022-01-11 21:54:01,251 — INFO — Peer->send_hello — User: fatih made a HELLO request to registry
2022-01-11 21:54:07,267 — INFO — Peer->send_hello — User: fatih made a HELLO request to registry
2022-01-11 21:54:13,280 — INFO — Peer->send_hello — User: fatih made a HELLO request to registry
2022-01-11 21:54:19,284 — INFO — Peer->send_hello — User: fatih made a HELLO request to registry
2022-01-11 21:54:20,169 — INFO — Peer->make_request — Client zeynep made a REGISTER request to registry
2022-01-11 21:54:20,985 — INFO — Peer->send_hello — User: zeynep made a HELLO request to registry
2022-01-11 21:54:25,288 — INFO — Peer->send_hello — User: fatih made a HELLO request to registry
2022-01-11 21:54:26,706 — INFO — Peer->listen_tcp — User: zeynep, successfully registered The registration is complete
2022-01-11 21:54:27,029 — INFO — Peer->send_hello — User: zeynep made a HELLO request to registry
2022-01-11 21:54:31,290 — INFO — Peer->send_hello — User: fatih made a HELLO request to registry
2022-01-11 21:54:33,031 — INFO — Peer->send_hello — User: zeynep made a HELLO request to registry
2022-01-11 21:54:33,623 — INFO — Peer->make_request — User: zeynep made a CHATREQUESTREG for the user: fatih to registry
2022-01-11 21:54:33,900 — INFO — Peer->listen_tcp — User: zeynep, successfully found the user fatih
2022-01-11 21:54:37,292 — INFO — Peer->send_hello — User: fatih made a HELLO request to registry
2022-01-11 21:54:39,051 — INFO — Peer->send_hello — User: zeynep made a HELLO request to registry
2022-01-11 21:54:43,296 — INFO — Peer->send_hello — User: fatih made a HELLO request to registry
2022-01-11 21:54:45,105 — INFO — Peer->send_hello — User: zeynep made a HELLO request to registry
2022-01-11 21:54:49,310 — INFO — Peer->send_hello — User: fatih made a HELLO request to registry
2022-01-11 21:54:51,151 — INFO — Peer->send_hello — User: zeynep made a HELLO request to registry
2022-01-11 21:54:55,324 — INFO — Peer->send_hello — User: fatih made a HELLO request to registry
2022-01-11 21:54:57,199 — INFO — Peer->send_hello — User: zeynep made a HELLO request to registry
2022-01-11 21:55:01,330 — INFO — Peer->send_hello — User: fatih made a HELLO request to registry
2022-01-11 21:55:03,207 — INFO — Peer->send_hello — User: zeynep made a HELLO request to registry
2022-01-11 21:55:07,335 — INFO — Peer->send_hello — User: fatih made a HELLO request to registry
2022-01-11 21:55:09,214 — INFO — Peer->send_hello — User: zeynep made a HELLO request to registry
2022-01-11 21:55:13,344 — INFO — Peer->send_hello — User: fatih made a HELLO request to registry
2022-01-11 21:55:15,216 — INFO — Peer->send_hello — User: zeynep made a HELLO request to registry
2022-01-11 21:55:19,358 — INFO — Peer->send_hello — User: fatih made a HELLO request to registry
2022-01-11 21:55:21,227 — INFO — Peer->send_hello — User: zeynep made a HELLO request to registry
2022-01-11 21:55:25,373 — INFO — Peer->send_hello — User: fatih made a HELLO request to registry
2022-01-11 21:55:27,232 — INFO — Peer->send_hello — User: zeynep made a HELLO request to registry
2022-01-11 21:55:31,384 — INFO — Peer->send_hello — User: fatih made a HELLO request to registry
2022-01-11 21:55:33,240 — INFO — Peer->send_hello — User: zeynep made a HELLO request to registry
2022-01-11 21:55:37,398 — INFO — Peer->send_hello — User: fatih made a HELLO request to registry
2022-01-11 21:55:39,241 — INFO — Peer->send_hello — User: zeynep made a HELLO request to registry
2022-01-11 21:55:43,402 — INFO — Peer->send_hello — User: fatih made a HELLO request to registry
2022-01-11 21:55:45,242 — INFO — Peer->send_hello — User: zeynep made a HELLO request to registry
2022-01-11 21:55:49,406 — INFO — Peer->send_hello — User: fatih made a HELLO request to registry
2022-01-11 21:55:51,247 — INFO — Peer->send_hello — User: zeynep made a HELLO request to registry
2022-01-11 21:55:55,411 — INFO — Peer->send_hello — User: fatih made a HELLO request to registry
2022-01-11 21:55:57,253 — INFO — Peer->send_hello — User: zeynep made a HELLO request to registry
2022-01-11 21:56:01,412 — INFO — Peer->send_hello — User: fatih made a HELLO request to registry
2022-01-11 21:56:03,256 — INFO — Peer->send_hello — User: zeynep made a HELLO request to registry
2022-01-11 21:56:07,419 — INFO — Peer->send_hello — User: fatih made a HELLO request to registry
2022-01-11 21:56:09,261 — INFO — Peer->send_hello — User: zeynep made a HELLO request to registry
2022-01-11 21:56:13,429 — INFO — Peer->send_hello — User: fatih made a HELLO request to registry
2022-01-11 21:56:15,269 — INFO — Peer->send_hello — User: zeynep made a HELLO request to registry
2022-01-11 21:56:19,431 — INFO — Peer->send_hello — User: fatih made a HELLO request to registry
2022-01-11 21:56:21,275 — INFO — Peer->send_hello — User: zeynep made a HELLO request to registry
2022-01-11 21:56:25,437 — INFO — Peer->send_hello — User: fatih made a HELLO request to registry
2022-01-11 21:56:27,291 — INFO — Peer->send_hello — User: zeynep made a HELLO request to registry
2022-01-11 21:56:31,447 — INFO — Peer->send_hello — User: fatih made a HELLO request to registry
2022-01-11 21:56:33,304 — INFO — Peer->send_hello — User: zeynep made a HELLO request to registry
2022-01-11 21:56:37,448 — INFO — Peer->send_hello — User: fatih made a HELLO request to registry
2022-01-11 21:56:39,305 — INFO — Peer->send_hello — User: zeynep made a HELLO request to registry
2022-01-11 21:56:43,451 — INFO — Peer->send_hello — User: fatih made a HELLO request to registry
2022-01-11 21:56:45,317 — INFO — Peer->send_hello — User: zeynep made a HELLO request to registry
2022-01-11 21:56:49,462 — INFO — Peer->send_hello — User: fatih made a HELLO request to registry
2022-01-11 21:56:51,318 — INFO — Peer->send_hello — User: zeynep made a HELLO request to registry
2022-01-11 21:56:55,478 — INFO — Peer->send_hello — User: fatih made a HELLO request to registry
2022-01-11 21:56:57,318 — INFO — Peer->send_hello — User: zeynep made a HELLO request to registry
2022-01-11 21:57:01,494 — INFO — Peer->send_hello — User: fatih made a HELLO request to registry
2022-01-11 21:57:03,333 — INFO — Peer->send_hello — User: zeynep made a HELLO request to registry
2022-01-11 21:57:07,500 — INFO — Peer->send_hello — User: fatih made a HELLO request to registry
2022-01-11 21:57:09,344 — INFO — Peer->send_hello — User: zeynep made a HELLO request to registry
2022-01-11 21:57:13,504 — INFO — Peer->send_hello — User: fatih made a HELLO request to registry
2022-01-11 21:57:15,346 — INFO — Peer->send_hello — User: zeynep made a HELLO request to registry
2022-01-11 21:57:19,516 — INFO — Peer->send_hello — User: fatih made a HELLO request to registry
2022-01-11 21:57:21,358 — INFO — Peer->send_hello — User: zeynep made a HELLO request to registry
2022-01-11 21:57:25,523 — INFO — Peer->send_hello — User: fatih made a HELLO request to registry
2022-01-11 21:57:27,369 — INFO — Peer->send_hello — User: zeynep made a HELLO request to registry
2022-01-11 21:57:31,526 — INFO — Peer->send_hello — User: fatih made a HELLO request to registry
2022-01-11 21:57:33,383 — INFO — Peer->send_hello — User: zeynep made a HELLO request to registry
2022-01-11 21:57:37,529 — INFO — Peer->send_hello — User: fatih made a HELLO request to registry
2022-01-11 21:57:39,398 — INFO — Peer->send_hello — User: zeynep made a HELLO request to registry
2022-01-11 21:57:43,530 — INFO — Peer->send_hello — User: fatih made a HELLO request to registry
2022-01-11 21:57:45,405 — INFO — Peer->send_hello — User: zeynep made a HELLO request to registry
2022-01-11 21:57:49,545 — INFO — Peer->send_hello — User: fatih made a HELLO request to registry
2022-01-11 21:57:55,560 — INFO — Peer->send_hello — User: fatih made a HELLO request to registry
2022-01-11 21:58:01,562 — INFO — Peer->send_hello — User: fatih made a HELLO request to registry
2022-01-11 21:58:07,572 — INFO — Peer->send_hello — User: fatih made a HELLO request to registry
2022-01-11 21:58:13,574 — INFO — Peer->send_hello — User: fatih made a HELLO request to registry
2022-01-11 21:58:19,580 — INFO — Peer->send_hello — User: fatih made a HELLO request to registry
2022-01-11 21:58:25,581 — INFO — Peer->send_hello — User: fatih made a HELLO request to registry
2022-01-11 21:58:31,588 — INFO — Peer->send_hello — User: fatih made a HELLO request to registry
2022-01-11 21:58:37,593 — INFO — Peer->send_hello — User: fatih made a HELLO request to registry
2022-01-11 21:58:43,602 — INFO — Peer->send_hello — User: fatih made a HELLO request to registry
2022-01-11 21:58:49,616 — INFO — Peer->send_hello — User: fatih made a HELLO request to registry
2022-01-11 21:58:55,622 — INFO — Peer->send_hello — User: fatih made a HELLO request to registry
2022-01-11 21:59:01,631 — INFO — Peer->send_hello — User: fatih made a HELLO request to registry
2022-01-11 21:59:07,643 — INFO — Peer->send_hello — User: fatih made a HELLO request to registry
2022-01-11 21:59:13,659 — INFO — Peer->send_hello — User: fatih made a HELLO request to registry
2022-01-11 21:59:19,674 — INFO — Peer->send_hello — User: fatih made a HELLO request to registry
2022-01-11 21:59:25,687 — INFO — Peer->send_hello — User: fatih made a HELLO request to registry
2022-01-11 21:59:31,689 — INFO — Peer->send_hello — User: fatih made a HELLO request to registry
2022-01-11 21:59:37,698 — INFO — Peer->send_hello — User: fatih made a HELLO request to registry
2022-01-11 21:59:43,710 — INFO — Peer->send_hello — User: fatih made a HELLO request to registry
2022-01-11 21:59:49,714 — INFO — Peer->send_hello — User: fatih made a HELLO request to registry
2022-01-11 21:59:55,725 — INFO — Peer->send_hello — User: fatih made a HELLO request to registry
2022-01-11 22:00:01,741 — INFO — Peer->send_hello — User: fatih made a HELLO request to registry
2022-01-11 22:00:07,746 — INFO — Peer->send_hello — User: fatih made a HELLO request to registry
2022-01-11 22:00:13,752 — INFO — Peer->send_hello — User: fatih made a HELLO request to registry
2022-01-11 22:00:19,758 — INFO — Peer->send_hello — User: fatih made a HELLO request to registry
2022-01-11 22:00:20,956 — INFO — Peer->make_request — User: zeynep made a LOGIN request to registry
2022-01-11 22:00:21,755 — INFO — Peer->send_hello — User: zeynep made a HELLO request to registry
2022-01-11 22:00:25,768 — INFO — Peer->send_hello — User: fatih made a HELLO request to registry
2022-01-11 22:00:27,438 — INFO — Peer->listen_tcp — User: zeynep, successfully logged in Login successful
2022-01-11 22:00:27,772 — INFO — Peer->send_hello — User: zeynep made a HELLO request to registry
2022-01-11 22:00:31,774 — INFO — Peer->send_hello — User: fatih made a HELLO request to registry
2022-01-11 22:00:33,787 — INFO — Peer->send_hello — User: zeynep made a HELLO request to registry
2022-01-11 22:00:37,787 — INFO — Peer->send_hello — User: fatih made a HELLO request to registry
2022-01-11 22:00:39,802 — INFO — Peer->send_hello — User: zeynep made a HELLO request to registry
2022-01-11 22:00:43,792 — INFO — Peer->send_hello — User: fatih made a HELLO request to registry
2022-01-11 22:00:45,808 — INFO — Peer->send_hello — User: zeynep made a HELLO request to registry
2022-01-11 22:00:48,553 — INFO — Peer->make_request — User: zeynep made a CHATREQUESTREG for the user: fatih to registry
2022-01-11 22:00:48,837 — INFO — Peer->listen_tcp — User: zeynep, successfully found the user fatih
2022-01-11 22:00:49,217 — INFO — PeerServer->send_chat_request — User: zeynep sent a CHATREQUEST to user fatih
2022-01-11 22:00:49,801 — INFO — Peer->send_hello — User: fatih made a HELLO request to registry
2022-01-11 22:00:51,829 — INFO — Peer->send_hello — User: zeynep made a HELLO request to registry
2022-01-11 22:00:55,802 — INFO — Peer->send_hello — User: fatih made a HELLO request to registry
2022-01-11 22:00:57,879 — INFO — Peer->send_hello — User: zeynep made a HELLO request to registry
2022-01-11 22:01:01,804 — INFO — Peer->send_hello — User: fatih made a HELLO request to registry
2022-01-11 22:01:03,932 — INFO — Peer->send_hello — User: zeynep made a HELLO request to registry
2022-01-11 22:01:07,808 — INFO — Peer->send_hello — User: fatih made a HELLO request to registry
2022-01-11 22:01:09,982 — INFO — Peer->send_hello — User: zeynep made a HELLO request to registry
2022-01-11 22:01:13,824 — INFO — Peer->send_hello — User: fatih made a HELLO request to registry
2022-01-11 22:01:16,019 — INFO — Peer->send_hello — User: zeynep made a HELLO request to registry
2022-01-11 22:01:19,829 — INFO — Peer->send_hello — User: fatih made a HELLO request to registry
2022-01-11 22:01:22,021 — INFO — Peer->send_hello — User: zeynep made a HELLO request to registry
2022-01-11 22:01:25,833 — INFO — Peer->send_hello — User: fatih made a HELLO request to registry
2022-01-11 22:01:28,037 — INFO — Peer->send_hello — User: zeynep made a HELLO request to registry
2022-01-11 22:01:31,847 — INFO — Peer->send_hello — User: fatih made a HELLO request to registry
2022-01-11 22:05:28,411 — INFO — Peer->make_request — User: fatih made a LOGIN request to registry
2022-01-11 22:05:29,340 — INFO — Peer->send_hello — User: fatih made a HELLO request to registry
2022-01-11 22:05:32,666 — INFO — Peer->make_request — User: zeynep made a LOGIN request to registry
2022-01-11 22:05:33,555 — INFO — Peer->send_hello — User: zeynep made a HELLO request to registry
2022-01-11 22:05:35,027 — INFO — Peer->listen_tcp — User: fatih, successfully logged in Login successful
2022-01-11 22:05:35,359 — INFO — Peer->send_hello — User: fatih made a HELLO request to registry
2022-01-11 22:05:39,033 — INFO — Peer->listen_tcp — User: zeynep, successfully logged in Login successful
2022-01-11 22:05:39,574 — INFO — Peer->send_hello — User: zeynep made a HELLO request to registry
2022-01-11 22:05:41,367 — INFO — Peer->send_hello — User: fatih made a HELLO request to registry
2022-01-11 22:05:45,584 — INFO — Peer->send_hello — User: zeynep made a HELLO request to registry
2022-01-11 22:05:47,383 — INFO — Peer->send_hello — User: fatih made a HELLO request to registry
2022-01-11 22:05:51,590 — INFO — Peer->send_hello — User: zeynep made a HELLO request to registry
2022-01-11 22:05:53,387 — INFO — Peer->send_hello — User: fatih made a HELLO request to registry
2022-01-11 22:05:57,596 — INFO — Peer->send_hello — User: zeynep made a HELLO request to registry
2022-01-11 22:05:59,390 — INFO — Peer->send_hello — User: fatih made a HELLO request to registry
2022-01-11 22:06:03,597 — INFO — Peer->send_hello — User: zeynep made a HELLO request to registry
2022-01-11 22:06:05,405 — INFO — Peer->send_hello — User: fatih made a HELLO request to registry
2022-01-11 22:06:09,602 — INFO — Peer->send_hello — User: zeynep made a HELLO request to registry
2022-01-11 22:06:11,411 — INFO — Peer->send_hello — User: fatih made a HELLO request to registry
2022-01-11 22:06:15,604 — INFO — Peer->send_hello — User: zeynep made a HELLO request to registry
2022-01-11 22:06:17,412 — INFO — Peer->send_hello — User: fatih made a HELLO request to registry
2022-01-11 22:06:21,607 — INFO — Peer->send_hello — User: zeynep made a HELLO request to registry
2022-01-11 22:06:23,419 — INFO — Peer->send_hello — User: fatih made a HELLO request to registry
2022-01-11 22:06:27,609 — INFO — Peer->send_hello — User: zeynep made a HELLO request to registry
2022-01-11 22:06:29,421 — INFO — Peer->send_hello — User: fatih made a HELLO request to registry
2022-01-11 22:06:33,615 — INFO — Peer->send_hello — User: zeynep made a HELLO request to registry
2022-01-11 22:06:35,424 — INFO — Peer->send_hello — User: fatih made a HELLO request to registry
2022-01-11 22:06:39,630 — INFO — Peer->send_hello — User: zeynep made a HELLO request to registry
2022-01-11 22:06:41,438 — INFO — Peer->send_hello — User: fatih made a HELLO request to registry
2022-01-11 22:06:45,644 — INFO — Peer->send_hello — User: zeynep made a HELLO request to registry
2022-01-11 22:06:47,439 — INFO — Peer->send_hello — User: fatih made a HELLO request to registry
2022-01-11 22:06:51,647 — INFO — Peer->send_hello — User: zeynep made a HELLO request to registry
2022-01-11 22:06:53,441 — INFO — Peer->send_hello — User: fatih made a HELLO request to registry
2022-01-11 22:06:57,663 — INFO — Peer->send_hello — User: zeynep made a HELLO request to registry
2022-01-11 22:06:59,443 — INFO — Peer->send_hello — User: fatih made a HELLO request to registry
2022-01-11 22:07:03,666 — INFO — Peer->send_hello — User: zeynep made a HELLO request to registry
2022-01-11 22:07:05,447 — INFO — Peer->send_hello — User: fatih made a HELLO request to registry
2022-01-11 22:07:09,669 — INFO — Peer->send_hello — User: zeynep made a HELLO request to registry
2022-01-11 22:07:11,462 — INFO — Peer->send_hello — User: fatih made a HELLO request to registry
2022-01-11 22:07:15,671 — INFO — Peer->send_hello — User: zeynep made a HELLO request to registry
2022-01-11 22:07:17,464 — INFO — Peer->send_hello — User: fatih made a HELLO request to registry
2022-01-11 22:07:21,674 — INFO — Peer->send_hello — User: zeynep made a HELLO request to registry
2022-01-11 22:07:23,475 — INFO — Peer->send_hello — User: fatih made a HELLO request to registry
2022-01-11 22:07:27,690 — INFO — Peer->send_hello — User: zeynep made a HELLO request to registry
2022-01-11 22:07:29,481 — INFO — Peer->send_hello — User: fatih made a HELLO request to registry
2022-01-11 22:07:33,697 — INFO — Peer->send_hello — User: zeynep made a HELLO request to registry
2022-01-11 22:07:35,489 — INFO — Peer->send_hello — User: fatih made a HELLO request to registry
2022-01-11 22:08:52,194 — INFO — Peer->make_request — User: fatih made a LOGIN request to registry
2022-01-11 22:08:52,915 — INFO — Peer->send_hello — User: fatih made a HELLO request to registry
2022-01-11 22:08:58,431 — INFO — Peer->listen_tcp — User: fatih, successfully logged in Login successful
2022-01-11 22:08:58,936 — INFO — Peer->send_hello — User: fatih made a HELLO request to registry
2022-01-11 22:09:02,861 — INFO — Peer->make_request — User: zeynep made a LOGIN request to registry
2022-01-11 22:09:03,512 — INFO — Peer->send_hello — User: zeynep made a HELLO request to registry
2022-01-11 22:09:04,947 — INFO — Peer->send_hello — User: fatih made a HELLO request to registry
2022-01-11 22:09:08,958 — INFO — Peer->listen_tcp — User: zeynep, successfully logged in Login successful
2022-01-11 22:09:09,546 — INFO — Peer->send_hello — User: zeynep made a HELLO request to registry
2022-01-11 22:09:10,635 — INFO — Peer->make_request — User: fatih made a CHATREQUESTREG for the user: zeynep to registry
2022-01-11 22:09:10,922 — INFO — Peer->listen_tcp — User: fatih, successfully found the user zeynep
2022-01-11 22:09:10,986 — INFO — Peer->send_hello — User: fatih made a HELLO request to registry
2022-01-11 22:09:15,561 — INFO — Peer->send_hello — User: zeynep made a HELLO request to registry
2022-01-11 22:09:17,038 — INFO — Peer->send_hello — User: fatih made a HELLO request to registry
2022-01-11 22:09:21,577 — INFO — Peer->send_hello — User: zeynep made a HELLO request to registry
2022-01-11 22:09:23,101 — INFO — Peer->send_hello — User: fatih made a HELLO request to registry
2022-01-11 22:09:27,587 — INFO — Peer->send_hello — User: zeynep made a HELLO request to registry
2022-01-11 22:09:29,154 — INFO — Peer->send_hello — User: fatih made a HELLO request to registry
2022-01-11 22:09:33,601 — INFO — Peer->send_hello — User: zeynep made a HELLO request to registry
2022-01-11 22:09:35,181 — INFO — Peer->send_hello — User: fatih made a HELLO request to registry
2022-01-11 22:09:39,609 — INFO — Peer->send_hello — User: zeynep made a HELLO request to registry
2022-01-11 22:09:41,190 — INFO — Peer->send_hello — User: fatih made a HELLO request to registry
2022-01-11 22:09:45,619 — INFO — Peer->send_hello — User: zeynep made a HELLO request to registry
2022-01-11 22:09:47,203 — INFO — Peer->send_hello — User: fatih made a HELLO request to registry
2022-01-11 22:09:51,620 — INFO — Peer->send_hello — User: zeynep made a HELLO request to registry
2022-01-11 22:09:53,217 — INFO — Peer->send_hello — User: fatih made a HELLO request to registry
2022-01-11 22:09:57,628 — INFO — Peer->send_hello — User: zeynep made a HELLO request to registry
2022-01-11 22:09:59,233 — INFO — Peer->send_hello — User: fatih made a HELLO request to registry
2022-01-11 22:10:03,240 — INFO — Peer->make_request — Client annen made a REGISTER request to registry
2022-01-11 22:10:03,640 — INFO — Peer->send_hello — User: zeynep made a HELLO request to registry
2022-01-11 22:10:03,938 — INFO — Peer->send_hello — User: annen made a HELLO request to registry
2022-01-11 22:10:05,247 — INFO — Peer->send_hello — User: fatih made a HELLO request to registry
2022-01-11 22:10:09,643 — INFO — Peer->send_hello — User: zeynep made a HELLO request to registry
2022-01-11 22:10:10,005 — INFO — Peer->send_hello — User: annen made a HELLO request to registry
2022-01-11 22:10:11,260 — INFO — Peer->send_hello — User: fatih made a HELLO request to registry
2022-01-11 22:10:15,648 — INFO — Peer->send_hello — User: zeynep made a HELLO request to registry
2022-01-11 22:10:16,075 — INFO — Peer->send_hello — User: annen made a HELLO request to registry
2022-01-11 22:10:17,273 — INFO — Peer->send_hello — User: fatih made a HELLO request to registry
2022-01-11 22:10:21,665 — INFO — Peer->send_hello — User: zeynep made a HELLO request to registry
2022-01-11 22:10:22,123 — INFO — Peer->send_hello — User: annen made a HELLO request to registry
2022-01-11 22:10:23,278 — INFO — Peer->send_hello — User: fatih made a HELLO request to registry
2022-01-11 22:10:27,669 — INFO — Peer->send_hello — User: zeynep made a HELLO request to registry
2022-01-11 22:10:27,971 — INFO — Peer->listen_tcp — User: annen, successfully registered The registration is complete
2022-01-11 22:10:28,153 — INFO — Peer->send_hello — User: annen made a HELLO request to registry
2022-01-11 22:10:29,283 — INFO — Peer->send_hello — User: fatih made a HELLO request to registry
2022-01-11 22:10:33,672 — INFO — Peer->send_hello — User: zeynep made a HELLO request to registry
2022-01-11 22:10:34,156 — INFO — Peer->send_hello — User: annen made a HELLO request to registry
2022-01-11 22:10:35,286 — INFO — Peer->send_hello — User: fatih made a HELLO request to registry
2022-01-11 22:10:39,682 — INFO — Peer->send_hello — User: zeynep made a HELLO request to registry
2022-01-11 22:10:40,166 — INFO — Peer->send_hello — User: annen made a HELLO request to registry
2022-01-11 22:10:40,937 — INFO — Peer->make_request — User: annen made a CHATREQUESTREG for the user: zeynep to registry
2022-01-11 22:10:41,291 — INFO — Peer->send_hello — User: fatih made a HELLO request to registry
2022-01-11 22:10:41,339 — INFO — Peer->listen_tcp — User: annen, successfully found the user zeynep
2022-01-11 22:10:45,683 — INFO — Peer->send_hello — User: zeynep made a HELLO request to registry
2022-01-11 22:10:46,188 — INFO — Peer->send_hello — User: annen made a HELLO request to registry
2022-01-11 22:10:47,296 — INFO — Peer->send_hello — User: fatih made a HELLO request to registry
2022-01-11 22:10:51,695 — INFO — Peer->send_hello — User: zeynep made a HELLO request to registry
2022-01-11 22:10:53,306 — INFO — Peer->send_hello — User: fatih made a HELLO request to registry
2022-01-11 22:10:57,708 — INFO — Peer->send_hello — User: zeynep made a HELLO request to registry
2022-01-11 22:10:59,312 — INFO — Peer->send_hello — User: fatih made a HELLO request to registry
2022-01-11 22:11:03,710 — INFO — Peer->send_hello — User: zeynep made a HELLO request to registry
2022-01-11 22:11:04,732 — INFO — Peer->send_hello — User: annen made a HELLO request to registry
2022-01-11 22:11:05,325 — INFO — Peer->send_hello — User: fatih made a HELLO request to registry
2022-01-11 22:11:09,716 — INFO — Peer->send_hello — User: zeynep made a HELLO request to registry
2022-01-11 22:11:11,333 — INFO — Peer->send_hello — User: fatih made a HELLO request to registry
2022-01-11 22:11:15,726 — INFO — Peer->send_hello — User: zeynep made a HELLO request to registry
2022-01-11 22:11:17,341 — INFO — Peer->send_hello — User: fatih made a HELLO request to registry
2022-01-11 22:11:21,730 — INFO — Peer->send_hello — User: zeynep made a HELLO request to registry
2022-01-11 22:11:23,345 — INFO — Peer->send_hello — User: fatih made a HELLO request to registry
2022-01-11 22:11:27,746 — INFO — Peer->send_hello — User: zeynep made a HELLO request to registry
2022-01-11 22:11:29,349 — INFO — Peer->send_hello — User: fatih made a HELLO request to registry
2022-01-11 22:11:33,748 — INFO — Peer->send_hello — User: zeynep made a HELLO request to registry
2022-01-11 22:11:33,694 — INFO — Peer->make_request — User: annen made a LOGIN request to registry
2022-01-11 22:11:34,402 — INFO — Peer->send_hello — User: annen made a HELLO request to registry
2022-01-11 22:11:35,362 — INFO — Peer->send_hello — User: fatih made a HELLO request to registry
2022-01-11 22:11:39,762 — INFO — Peer->send_hello — User: zeynep made a HELLO request to registry
2022-01-11 22:11:40,437 — INFO — Peer->send_hello — User: annen made a HELLO request to registry
2022-01-11 22:11:41,376 — INFO — Peer->send_hello — User: fatih made a HELLO request to registry
2022-01-11 22:11:45,772 — INFO — Peer->send_hello — User: zeynep made a HELLO request to registry
2022-01-11 22:11:46,442 — INFO — Peer->send_hello — User: annen made a HELLO request to registry
2022-01-11 22:11:47,380 — INFO — Peer->send_hello — User: fatih made a HELLO request to registry
2022-01-11 22:11:51,785 — INFO — Peer->send_hello — User: zeynep made a HELLO request to registry
2022-01-11 22:11:52,493 — INFO — Peer->send_hello — User: annen made a HELLO request to registry
2022-01-11 22:11:53,386 — INFO — Peer->send_hello — User: fatih made a HELLO request to registry
2022-01-11 22:11:57,800 — INFO — Peer->send_hello — User: zeynep made a HELLO request to registry
2022-01-11 22:11:58,228 — INFO — Peer->listen_tcp — User: annen, successfully logged in Login successful
2022-01-11 22:11:58,499 — INFO — Peer->send_hello — User: annen made a HELLO request to registry
2022-01-11 22:11:59,401 — INFO — Peer->send_hello — User: fatih made a HELLO request to registry
2022-01-11 22:12:03,811 — INFO — Peer->send_hello — User: zeynep made a HELLO request to registry
2022-01-11 22:12:04,506 — INFO — Peer->send_hello — User: annen made a HELLO request to registry
2022-01-11 22:12:05,410 — INFO — Peer->send_hello — User: fatih made a HELLO request to registry
2022-01-11 22:12:09,812 — INFO — Peer->send_hello — User: zeynep made a HELLO request to registry
2022-01-11 22:12:10,513 — INFO — Peer->send_hello — User: annen made a HELLO request to registry
2022-01-11 22:12:11,413 — INFO — Peer->send_hello — User: fatih made a HELLO request to registry
2022-01-11 22:12:15,825 — INFO — Peer->send_hello — User: zeynep made a HELLO request to registry
2022-01-11 22:12:16,515 — INFO — Peer->send_hello — User: annen made a HELLO request to registry
2022-01-11 22:12:17,417 — INFO — Peer->send_hello — User: fatih made a HELLO request to registry
2022-01-11 22:12:21,235 — INFO — Peer->make_request — User: annen made a CHATREQUESTREG for the user: zeynep to registry
2022-01-11 22:12:21,673 — INFO — Peer->listen_tcp — User: annen, successfully found the user zeynep
2022-01-11 22:12:21,830 — INFO — Peer->send_hello — User: zeynep made a HELLO request to registry
2022-01-11 22:12:22,605 — INFO — Peer->send_hello — User: annen made a HELLO request to registry
2022-01-11 22:12:23,423 — INFO — Peer->send_hello — User: fatih made a HELLO request to registry
2022-01-11 22:12:27,837 — INFO — Peer->send_hello — User: zeynep made a HELLO request to registry
2022-01-11 22:12:28,638 — INFO — Peer->send_hello — User: annen made a HELLO request to registry
2022-01-11 22:12:29,423 — INFO — Peer->send_hello — User: fatih made a HELLO request to registry
2022-01-11 22:12:33,851 — INFO — Peer->send_hello — User: zeynep made a HELLO request to registry
2022-01-11 22:12:35,437 — INFO — Peer->send_hello — User: fatih made a HELLO request to registry
2022-01-11 22:12:39,863 — INFO — Peer->send_hello — User: zeynep made a HELLO request to registry
2022-01-11 22:12:41,445 — INFO — Peer->send_hello — User: fatih made a HELLO request to registry
2022-01-11 22:12:45,463 — INFO — Peer->make_request — User: fatih made a LOGIN request to registry
2022-01-11 22:12:45,869 — INFO — Peer->send_hello — User: zeynep made a HELLO request to registry
2022-01-11 22:12:47,452 — INFO — Peer->send_hello — User: fatih made a HELLO request to registry
2022-01-11 22:12:51,870 — INFO — Peer->send_hello — User: zeynep made a HELLO request to registry
2022-01-11 22:12:53,453 — INFO — Peer->send_hello — User: fatih made a HELLO request to registry
2022-01-11 22:12:57,876 — INFO — Peer->send_hello — User: zeynep made a HELLO request to registry
2022-01-11 22:12:59,460 — INFO — Peer->send_hello — User: fatih made a HELLO request to registry
2022-01-11 22:13:03,880 — INFO — Peer->send_hello — User: zeynep made a HELLO request to registry
2022-01-11 22:13:05,467 — INFO — Peer->send_hello — User: fatih made a HELLO request to registry
2022-01-11 22:13:09,884 — INFO — Peer->send_hello — User: zeynep made a HELLO request to registry
2022-01-11 22:13:11,469 — INFO — Peer->send_hello — User: fatih made a HELLO request to registry
2022-01-11 22:13:15,891 — INFO — Peer->send_hello — User: zeynep made a HELLO request to registry
2022-01-11 22:13:17,475 — INFO — Peer->send_hello — User: fatih made a HELLO request to registry
2022-01-11 22:13:21,899 — INFO — Peer->send_hello — User: zeynep made a HELLO request to registry
2022-01-11 22:13:23,491 — INFO — Peer->send_hello — User: fatih made a HELLO request to registry
2022-01-11 22:13:27,911 — INFO — Peer->send_hello — User: zeynep made a HELLO request to registry
2022-01-11 22:13:29,500 — INFO — Peer->send_hello — User: fatih made a HELLO request to registry
2022-01-11 22:13:33,913 — INFO — Peer->send_hello — User: zeynep made a HELLO request to registry
2022-01-11 22:13:35,510 — INFO — Peer->send_hello — User: fatih made a HELLO request to registry
2022-01-11 22:13:36,475 — INFO — Peer->listen_tcp — User: fatih, couldn't logged in because Invalid password. Please try again
2022-01-11 22:13:39,927 — INFO — Peer->send_hello — User: zeynep made a HELLO request to registry
2022-01-11 22:13:41,276 — INFO — Peer->make_request — User: fatih made a LOGIN request to registry
2022-01-11 22:13:41,526 — INFO — Peer->send_hello — User: fatih made a HELLO request to registry
2022-01-11 22:13:42,027 — INFO — Peer->listen_tcp — User: fatih, couldn't logged in because User is logged in another instance
2022-01-11 22:13:45,930 — INFO — Peer->send_hello — User: zeynep made a HELLO request to registry
2022-01-11 22:13:47,529 — INFO — Peer->send_hello — User: fatih made a HELLO request to registry
2022-01-11 22:13:51,936 — INFO — Peer->send_hello — User: zeynep made a HELLO request to registry
2022-01-11 22:13:53,536 — INFO — Peer->send_hello — User: fatih made a HELLO request to registry
2022-01-11 22:13:57,938 — INFO — Peer->send_hello — User: zeynep made a HELLO request to registry
2022-01-11 22:13:59,553 — INFO — Peer->send_hello — User: fatih made a HELLO request to registry
2022-01-11 22:14:03,949 — INFO — Peer->send_hello — User: zeynep made a HELLO request to registry
2022-01-11 22:14:05,561 — INFO — Peer->send_hello — User: fatih made a HELLO request to registry
2022-01-11 22:14:09,952 — INFO — Peer->send_hello — User: zeynep made a HELLO request to registry
2022-01-11 22:14:11,568 — INFO — Peer->send_hello — User: fatih made a HELLO request to registry
2022-01-11 22:14:15,967 — INFO — Peer->send_hello — User: zeynep made a HELLO request to registry
2022-01-11 22:14:17,581 — INFO — Peer->send_hello — User: fatih made a HELLO request to registry
2022-01-11 22:14:21,968 — INFO — Peer->send_hello — User: zeynep made a HELLO request to registry
2022-01-11 22:14:23,593 — INFO — Peer->send_hello — User: fatih made a HELLO request to registry
2022-01-11 22:14:27,971 — INFO — Peer->send_hello — User: zeynep made a HELLO request to registry
2022-01-11 22:14:29,608 — INFO — Peer->send_hello — User: fatih made a HELLO request to registry
2022-01-11 22:14:33,984 — INFO — Peer->send_hello — User: zeynep made a HELLO request to registry
2022-01-11 22:14:35,615 — INFO — Peer->send_hello — User: fatih made a HELLO request to registry
2022-01-11 22:14:40,000 — INFO — Peer->send_hello — User: zeynep made a HELLO request to registry
2022-01-11 22:14:41,617 — INFO — Peer->send_hello — User: fatih made a HELLO request to registry
2022-01-11 22:14:46,012 — INFO — Peer->send_hello — User: zeynep made a HELLO request to registry
2022-01-11 22:14:47,621 — INFO — Peer->send_hello — User: fatih made a HELLO request to registry
2022-01-11 22:14:52,021 — INFO — Peer->send_hello — User: zeynep made a HELLO request to registry
2022-01-11 22:14:53,632 — INFO — Peer->send_hello — User: fatih made a HELLO request to registry
2022-01-11 22:14:58,033 — INFO — Peer->send_hello — User: zeynep made a HELLO request to registry
2022-01-11 22:14:59,642 — INFO — Peer->send_hello — User: fatih made a HELLO request to registry
2022-01-11 22:15:04,036 — INFO — Peer->send_hello — User: zeynep made a HELLO request to registry
2022-01-11 22:15:07,272 — INFO — Peer->make_request — User: annen made a LOGIN request to registry
2022-01-11 22:15:08,048 — INFO — Peer->send_hello — User: annen made a HELLO request to registry
2022-01-11 22:15:08,316 — INFO — Peer->listen_tcp — User: annen, successfully logged in Login successful
2022-01-11 22:15:10,053 — INFO — Peer->send_hello — User: zeynep made a HELLO request to registry
2022-01-11 22:15:14,200 — INFO — Peer->send_hello — User: annen made a HELLO request to registry
2022-01-11 22:15:16,060 — INFO — Peer->send_hello — User: zeynep made a HELLO request to registry
2022-01-11 22:15:20,214 — INFO — Peer->send_hello — User: annen made a HELLO request to registry
2022-01-11 22:15:22,068 — INFO — Peer->send_hello — User: zeynep made a HELLO request to registry
2022-01-11 22:15:26,480 — INFO — Peer->send_hello — User: annen made a HELLO request to registry
2022-01-11 22:15:28,082 — INFO — Peer->send_hello — User: zeynep made a HELLO request to registry
2022-01-11 22:15:34,090 — INFO — Peer->send_hello — User: zeynep made a HELLO request to registry
2022-01-11 22:15:34,933 — INFO — Peer->send_hello — User: annen made a HELLO request to registry
2022-01-11 22:15:40,100 — INFO — Peer->send_hello — User: zeynep made a HELLO request to registry
2022-01-11 22:15:40,360 — INFO — Peer->make_request — User: annen made a CHATREQUESTREG for the user: zeynep to registry
2022-01-11 22:15:41,913 — INFO — Peer->send_hello — User: annen made a HELLO request to registry
2022-01-11 22:15:41,919 — INFO — Peer->listen_tcp — User: annen, successfully found the user zeynep
2022-01-11 22:15:46,103 — INFO — Peer->send_hello — User: zeynep made a HELLO request to registry
2022-01-11 22:15:52,118 — INFO — Peer->send_hello — User: zeynep made a HELLO request to registry
2022-01-11 22:15:58,126 — INFO — Peer->send_hello — User: zeynep made a HELLO request to registry
2022-01-11 22:16:04,127 — INFO — Peer->send_hello — User: zeynep made a HELLO request to registry
2022-01-11 22:16:10,138 — INFO — Peer->send_hello — User: zeynep made a HELLO request to registry
2022-01-11 22:16:16,147 — INFO — Peer->send_hello — User: zeynep made a HELLO request to registry
2022-01-11 22:16:22,155 — INFO — Peer->send_hello — User: zeynep made a HELLO request to registry
2022-01-11 22:16:28,165 — INFO — Peer->send_hello — User: zeynep made a HELLO request to registry
2022-01-11 22:16:30,809 — INFO — Peer->make_request — User: fatih made a LOGIN request to registry
2022-01-11 22:16:31,716 — INFO — Peer->send_hello — User: fatih made a HELLO request to registry
2022-01-11 22:16:34,169 — INFO — Peer->send_hello — User: zeynep made a HELLO request to registry
2022-01-11 22:16:37,743 — INFO — Peer->send_hello — User: fatih made a HELLO request to registry
2022-01-11 22:16:40,184 — INFO — Peer->send_hello — User: zeynep made a HELLO request to registry
2022-01-11 22:16:43,841 — INFO — Peer->send_hello — User: fatih made a HELLO request to registry
2022-01-11 22:16:46,184 — INFO — Peer->send_hello — User: zeynep made a HELLO request to registry
2022-01-11 22:16:49,876 — INFO — Peer->send_hello — User: fatih made a HELLO request to registry
2022-01-11 22:16:52,198 — INFO — Peer->send_hello — User: zeynep made a HELLO request to registry
2022-01-11 22:16:55,941 — INFO — Peer->send_hello — User: fatih made a HELLO request to registry
2022-01-11 22:16:56,003 — INFO — Peer->listen_tcp — User: fatih, successfully logged in Login successful
2022-01-11 22:16:58,214 — INFO — Peer->send_hello — User: zeynep made a HELLO request to registry
2022-01-11 22:17:01,988 — INFO — Peer->send_hello — User: fatih made a HELLO request to registry
2022-01-11 22:17:04,218 — INFO — Peer->send_hello — User: zeynep made a HELLO request to registry
2022-01-11 22:17:08,002 — INFO — Peer->send_hello — User: fatih made a HELLO request to registry
2022-01-11 22:17:10,234 — INFO — Peer->send_hello — User: zeynep made a HELLO request to registry
2022-01-11 22:17:14,012 — INFO — Peer->send_hello — User: fatih made a HELLO request to registry
2022-01-11 22:17:16,235 — INFO — Peer->send_hello — User: zeynep made a HELLO request to registry
2022-01-11 22:17:20,016 — INFO — Peer->send_hello — User: fatih made a HELLO request to registry
2022-01-11 22:17:22,241 — INFO — Peer->send_hello — User: zeynep made a HELLO request to registry
2022-01-11 22:17:28,248 — INFO — Peer->send_hello — User: zeynep made a HELLO request to registry
2022-01-11 22:17:34,251 — INFO — Peer->send_hello — User: zeynep made a HELLO request to registry
2022-01-11 22:17:40,256 — INFO — Peer->send_hello — User: zeynep made a HELLO request to registry
2022-01-11 22:17:46,263 — INFO — Peer->send_hello — User: zeynep made a HELLO request to registry
2022-01-11 22:17:52,278 — INFO — Peer->send_hello — User: zeynep made a HELLO request to registry
2022-01-11 22:17:58,286 — INFO — Peer->send_hello — User: zeynep made a HELLO request to registry
2022-01-11 22:18:04,296 — INFO — Peer->send_hello — User: zeynep made a HELLO request to registry
2022-01-11 22:18:10,311 — INFO — Peer->send_hello — User: zeynep made a HELLO request to registry
2022-01-11 22:18:16,321 — INFO — Peer->send_hello — User: zeynep made a HELLO request to registry
2022-01-11 22:18:22,326 — INFO — Peer->send_hello — User: zeynep made a HELLO request to registry
2022-01-11 22:18:28,334 — INFO — Peer->send_hello — User: zeynep made a HELLO request to registry
2022-01-11 22:18:34,346 — INFO — Peer->send_hello — User: zeynep made a HELLO request to registry
2022-01-11 22:18:40,357 — INFO — Peer->send_hello — User: zeynep made a HELLO request to registry
2022-01-11 22:18:46,372 — INFO — Peer->send_hello — User: zeynep made a HELLO request to registry
2022-01-11 22:18:52,387 — INFO — Peer->send_hello — User: zeynep made a HELLO request to registry
2022-01-11 22:18:58,396 — INFO — Peer->send_hello — User: zeynep made a HELLO request to registry
2022-01-11 22:19:04,410 — INFO — Peer->send_hello — User: zeynep made a HELLO request to registry
2022-01-11 22:19:10,421 — INFO — Peer->send_hello — User: zeynep made a HELLO request to registry
2022-01-11 22:19:16,422 — INFO — Peer->send_hello — User: zeynep made a HELLO request to registry
2022-01-11 22:19:22,428 — INFO — Peer->send_hello — User: zeynep made a HELLO request to registry
2022-01-11 22:19:28,433 — INFO — Peer->send_hello — User: zeynep made a HELLO request to registry
2022-01-11 22:19:34,444 — INFO — Peer->send_hello — User: zeynep made a HELLO request to registry
2022-01-11 22:19:40,459 — INFO — Peer->send_hello — User: zeynep made a HELLO request to registry
2022-01-11 22:19:46,475 — INFO — Peer->send_hello — User: zeynep made a HELLO request to registry
2022-01-11 22:19:52,483 — INFO — Peer->send_hello — User: zeynep made a HELLO request to registry
